<?xml version="1.0" encoding="UTF-8"?>
<testsuite xmlns:xsi="http://www.w3.org/2001/XMLSchema-instance" xsi:noNamespaceSchemaLocation="https://maven.apache.org/surefire/maven-surefire-plugin/xsd/surefire-test-report.xsd" version="3.0.2" name="com.G14_IW.Gimnasio.GimnasioApplicationTests" time="3.968" tests="1" errors="0" skipped="0" failures="0">
  <properties>
[...]
</properties>
  <testcase name="contextLoads" classname="com.G14_IW.Gimnasio.GimnasioApplicationTests" time="0.295">
    <system-out><![CDATA[14:57:28.882 [main] INFO org.springframework.test.context.support.AnnotationConfigContextLoaderUtils -- Could not detect default configuration classes for test class [com.G14_IW.Gimnasio.GimnasioApplicationTests]: GimnasioApplicationTests does not declare any static, non-private, non-final, nested classes annotated with @Configuration.
14:57:28.950 [main] INFO org.springframework.boot.test.context.SpringBootTestContextBootstrapper -- Found @SpringBootConfiguration com.G14_IW.Gimnasio.GimnasioApplication for test class com.G14_IW.Gimnasio.GimnasioApplicationTests

  .   ____          _            __ _ _
 /\\ / ___'_ __ _ _(_)_ __  __ _ \ \ \ \
( ( )\___ | '_ | '_| | '_ \/ _` | \ \ \ \
 \\/  ___)| |_)| | | | | || (_| |  ) ) ) )
  '  |____| .__|_| |_|_| |_\__, | / / / /
 =========|_|==============|___/=/_/_/_/

 :: Spring Boot ::                (v3.4.1)

2025-01-25T14:57:29.196+01:00  INFO 11708 --- [Gimnasio] [           main] c.G.Gimnasio.GimnasioApplicationTests    : Starting GimnasioApplicationTests using Java 21.0.1 with PID 11708 (started by Luis in C:\Users\Luis\Documents\Luis\UA\4\Cuatri1\IW\Parte2\PracticaGrupal\Gimnasio_IW_G14\gimnasio-backend)
2025-01-25T14:57:29.197+01:00  INFO 11708 --- [Gimnasio] [           main] c.G.Gimnasio.GimnasioApplicationTests    : No active profile set, falling back to 1 default profile: "default"
2025-01-25T14:57:29.645+01:00  INFO 11708 --- [Gimnasio] [           main] .s.d.r.c.RepositoryConfigurationDelegate : Bootstrapping Spring Data JPA repositories in DEFAULT mode.
2025-01-25T14:57:29.705+01:00  INFO 11708 --- [Gimnasio] [           main] .s.d.r.c.RepositoryConfigurationDelegate : Finished Spring Data repository scanning in 48 ms. Found 8 JPA repository interfaces.
2025-01-25T14:57:30.060+01:00  INFO 11708 --- [Gimnasio] [           main] o.hibernate.jpa.internal.util.LogHelper  : HHH000204: Processing PersistenceUnitInfo [name: default]
2025-01-25T14:57:30.108+01:00  INFO 11708 --- [Gimnasio] [           main] org.hibernate.Version                    : HHH000412: Hibernate ORM core version 6.6.4.Final
2025-01-25T14:57:30.134+01:00  INFO 11708 --- [Gimnasio] [           main] o.h.c.internal.RegionFactoryInitiator    : HHH000026: Second-level cache disabled
2025-01-25T14:57:30.347+01:00  INFO 11708 --- [Gimnasio] [           main] o.s.o.j.p.SpringPersistenceUnitInfo      : No LoadTimeWeaver setup: ignoring JPA class transformer
2025-01-25T14:57:30.368+01:00  INFO 11708 --- [Gimnasio] [           main] com.zaxxer.hikari.HikariDataSource       : HikariPool-1 - Starting...
2025-01-25T14:57:30.596+01:00  INFO 11708 --- [Gimnasio] [           main] com.zaxxer.hikari.pool.HikariPool        : HikariPool-1 - Added connection com.mysql.cj.jdbc.ConnectionImpl@4ffa7041
2025-01-25T14:57:30.597+01:00  INFO 11708 --- [Gimnasio] [           main] com.zaxxer.hikari.HikariDataSource       : HikariPool-1 - Start completed.
2025-01-25T14:57:30.632+01:00  WARN 11708 --- [Gimnasio] [           main] org.hibernate.orm.deprecation            : HHH90000025: MySQLDialect does not need to be specified explicitly using 'hibernate.dialect' (remove the property setting and it will be selected by default)
2025-01-25T14:57:30.652+01:00  INFO 11708 --- [Gimnasio] [           main] org.hibernate.orm.connections.pooling    : HHH10001005: Database info:
	Database JDBC URL [Connecting through datasource 'HikariDataSource (HikariPool-1)']
	Database driver: undefined/unknown
	Database version: 9.1
	Autocommit mode: undefined/unknown
	Isolation level: undefined/unknown
	Minimum pool size: undefined/unknown
	Maximum pool size: undefined/unknown
2025-01-25T14:57:31.265+01:00  INFO 11708 --- [Gimnasio] [           main] o.h.e.t.j.p.i.JtaPlatformInitiator       : HHH000489: No JTA platform available (set 'hibernate.transaction.jta.platform' to enable JTA platform integration)
Hibernate: create table actividades (id bigint not null auto_increment, capacidad integer not null, dia_semana varchar(255), fecha_fin varchar(255), fecha_inicio varchar(255), horas varchar(255), nombre varchar(255), precio float(23) not null, monitor_id bigint, tipo_actividad_id bigint, primary key (id)) engine=InnoDB
Hibernate: create table pagos (id bigint not null auto_increment, coste float(53) not null, fecha datetime(6), usuario_id bigint not null, primary key (id)) engine=InnoDB
Hibernate: create table reservas (id bigint not null auto_increment, fecha_reserva date, hora time(6), actividad_id bigint not null, usuario_id bigint, primary key (id)) engine=InnoDB
Hibernate: create table tipo_actividades (id bigint not null auto_increment, descripcion varchar(255), imagen varchar(255), tipo varchar(255), primary key (id)) engine=InnoDB
Hibernate: create table usuarios (tipo varchar(31) not null, id bigint not null auto_increment, activo bit not null, ciudad varchar(255), codigo_postal varchar(255), direccion varchar(255), email varchar(255) not null, nombre varchar(255), password varchar(255) not null, telefono varchar(255), saldo float(53), primary key (id)) engine=InnoDB
Hibernate: alter table usuarios drop index UKkfsp0s1tflm1cwlj8idhqsad0
Hibernate: alter table usuarios add constraint UKkfsp0s1tflm1cwlj8idhqsad0 unique (email)
Hibernate: alter table actividades add constraint FKtxwmpmt8rnrakoom0pmojtvx foreign key (monitor_id) references usuarios (id)
Hibernate: alter table actividades add constraint FK23c6n1ltrseg8f665e803m7s foreign key (tipo_actividad_id) references tipo_actividades (id)
Hibernate: alter table pagos add constraint FKnv3skx0qnku57yljq0bu88oot foreign key (usuario_id) references usuarios (id)
Hibernate: alter table reservas add constraint FK7alcxmef09kvhmvxwk21ieuwk foreign key (actividad_id) references actividades (id)
Hibernate: alter table reservas add constraint FKcfh7qcr7oxomqk5hhbxdg2m7p foreign key (usuario_id) references usuarios (id)
2025-01-25T14:57:31.784+01:00  INFO 11708 --- [Gimnasio] [           main] j.LocalContainerEntityManagerFactoryBean : Initialized JPA EntityManagerFactory for persistence unit 'default'
2025-01-25T14:57:32.181+01:00  WARN 11708 --- [Gimnasio] [           main] JpaBaseConfiguration$JpaWebConfiguration : spring.jpa.open-in-view is enabled by default. Therefore, database queries may be performed during view rendering. Explicitly configure spring.jpa.open-in-view to disable this warning
2025-01-25T14:57:32.445+01:00  INFO 11708 --- [Gimnasio] [           main] c.G.Gimnasio.GimnasioApplicationTests    : Started GimnasioApplicationTests in 3.408 seconds (process running for 3.987)
]]></system-out>
    <system-err><![CDATA[Mockito is currently self-attaching to enable the inline-mock-maker. This will no longer work in future releases of the JDK. Please add Mockito as an agent to your build what is described in Mockito's documentation: https://javadoc.io/doc/org.mockito/mockito-core/latest/org/mockito/Mockito.html#0.3
WARNING: A Java agent has been loaded dynamically (C:\Users\Luis\.m2\repository\net\bytebuddy\byte-buddy-agent\1.15.11\byte-buddy-agent-1.15.11.jar)
WARNING: If a serviceability tool is in use, please run with -XX:+EnableDynamicAgentLoading to hide this warning
WARNING: If a serviceability tool is not in use, please run with -Djdk.instrument.traceUsage for more information
WARNING: Dynamic loading of agents will be disallowed by default in a future release
]]></system-err>
  </testcase>
</testsuite>